<?xml version="1.0" encoding="UTF-8"?>
<!-- Generated by org.testng.reporters.JUnitXMLReporter -->
<testsuite ignored="0" hostname="3PAUS44" failures="1" tests="2" name="Test1" time="4.741" errors="0" timestamp="2021-04-04T22:26:50 AEST">
  <testcase classname="com.personal.tests.WebDriverManagerTest" name="testMethod1" time="1.353">
    <failure type="java.lang.AssertionError" message="expected [Hello] but found [Google]">
      <![CDATA[java.lang.AssertionError: expected [Hello] but found [Google]
at com.personal.tests.WebDriverManagerTest.testMethod1(WebDriverManagerTest.java:22)
at java.base/java.util.ArrayList.forEach(ArrayList.java:1511)
... Removed 33 stack frames]]>
    </failure>
  </testcase> <!-- testMethod1 -->
  <testcase classname="com.personal.tests.WebDriverManagerTest" name="testMethod2" time="0.002"/>
</testsuite> <!-- Test1 -->
